2023-04-28 21:40:53,028:WARNING:
'cuml' is a soft dependency and not included in the pycaret installation. Please run: `pip install cuml` to install.
2023-04-28 21:40:53,028:WARNING:
'cuml' is a soft dependency and not included in the pycaret installation. Please run: `pip install cuml` to install.
2023-04-28 21:40:53,028:WARNING:
'cuml' is a soft dependency and not included in the pycaret installation. Please run: `pip install cuml` to install.
2023-04-28 21:40:53,028:WARNING:
'cuml' is a soft dependency and not included in the pycaret installation. Please run: `pip install cuml` to install.
2023-04-28 21:40:53,812:INFO:Soft dependency imported: prophet: 1.1.2
2023-04-28 22:07:28,021:WARNING:c:\Users\indiz\miniconda3\envs\gan\lib\site-packages\sklearn\linear_model\_logistic.py:458: ConvergenceWarning: lbfgs failed to converge (status=1):
STOP: TOTAL NO. of ITERATIONS REACHED LIMIT.

Increase the number of iterations (max_iter) or scale the data as shown in:
    https://scikit-learn.org/stable/modules/preprocessing.html
Please also refer to the documentation for alternative solver options:
    https://scikit-learn.org/stable/modules/linear_model.html#logistic-regression
  n_iter_i = _check_optimize_result(

2023-04-28 22:08:09,140:INFO:PyCaret ClassificationExperiment
2023-04-28 22:08:09,140:INFO:Logging name: clf-default-name
2023-04-28 22:08:09,140:INFO:ML Usecase: MLUsecase.CLASSIFICATION
2023-04-28 22:08:09,140:INFO:version 3.0.0
2023-04-28 22:08:09,140:INFO:Initializing setup()
2023-04-28 22:08:09,140:INFO:self.USI: 5c53
2023-04-28 22:08:09,140:INFO:self._variable_keys: {'memory', '_available_plots', 'gpu_param', 'seed', 'fix_imbalance', 'logging_param', 'X_train', 'idx', 'y_train', 'log_plots_param', '_ml_usecase', 'fold_generator', 'X', 'y', 'fold_groups_param', 'USI', 'X_test', 'pipeline', 'y_test', 'is_multiclass', 'html_param', 'fold_shuffle_param', 'target_param', 'n_jobs_param', 'exp_id', 'exp_name_log', 'data', 'gpu_n_jobs_param'}
2023-04-28 22:08:09,140:INFO:Checking environment
2023-04-28 22:08:09,140:INFO:python_version: 3.9.16
2023-04-28 22:08:09,140:INFO:python_build: ('main', 'Mar  8 2023 10:39:24')
2023-04-28 22:08:09,140:INFO:machine: AMD64
2023-04-28 22:08:09,140:INFO:platform: Windows-10-10.0.22621-SP0
2023-04-28 22:08:09,140:INFO:Memory: svmem(total=17101160448, available=6949978112, percent=59.4, used=10151182336, free=6949978112)
2023-04-28 22:08:09,140:INFO:Physical Core: 6
2023-04-28 22:08:09,140:INFO:Logical Core: 12
2023-04-28 22:08:09,140:INFO:Checking libraries
2023-04-28 22:08:09,140:INFO:System:
2023-04-28 22:08:09,140:INFO:    python: 3.9.16 (main, Mar  8 2023, 10:39:24) [MSC v.1916 64 bit (AMD64)]
2023-04-28 22:08:09,140:INFO:executable: c:\Users\indiz\miniconda3\envs\gan\python.exe
2023-04-28 22:08:09,140:INFO:   machine: Windows-10-10.0.22621-SP0
2023-04-28 22:08:09,140:INFO:PyCaret required dependencies:
2023-04-28 22:08:09,141:INFO:                 pip: 23.0.1
2023-04-28 22:08:09,141:INFO:          setuptools: 65.6.3
2023-04-28 22:08:09,141:INFO:             pycaret: 3.0.0
2023-04-28 22:08:09,141:INFO:             IPython: 8.12.0
2023-04-28 22:08:09,141:INFO:          ipywidgets: 8.0.6
2023-04-28 22:08:09,141:INFO:                tqdm: 4.65.0
2023-04-28 22:08:09,141:INFO:               numpy: 1.23.5
2023-04-28 22:08:09,141:INFO:              pandas: 1.5.3
2023-04-28 22:08:09,141:INFO:              jinja2: 3.1.2
2023-04-28 22:08:09,141:INFO:               scipy: 1.9.3
2023-04-28 22:08:09,141:INFO:              joblib: 1.2.0
2023-04-28 22:08:09,141:INFO:             sklearn: 1.2.0
2023-04-28 22:08:09,141:INFO:                pyod: 1.0.9
2023-04-28 22:08:09,141:INFO:            imblearn: 0.10.1
2023-04-28 22:08:09,141:INFO:   category_encoders: 2.6.0
2023-04-28 22:08:09,141:INFO:            lightgbm: 3.3.5
2023-04-28 22:08:09,141:INFO:               numba: 0.56.4
2023-04-28 22:08:09,141:INFO:            requests: 2.28.2
2023-04-28 22:08:09,141:INFO:          matplotlib: 3.7.1
2023-04-28 22:08:09,141:INFO:          scikitplot: 0.3.7
2023-04-28 22:08:09,141:INFO:         yellowbrick: 1.5
2023-04-28 22:08:09,141:INFO:              plotly: 5.14.1
2023-04-28 22:08:09,141:INFO:             kaleido: 0.2.1
2023-04-28 22:08:09,141:INFO:         statsmodels: 0.13.5
2023-04-28 22:08:09,141:INFO:              sktime: 0.17.2
2023-04-28 22:08:09,141:INFO:               tbats: 1.1.3
2023-04-28 22:08:09,141:INFO:            pmdarima: 2.0.3
2023-04-28 22:08:09,141:INFO:              psutil: 5.9.0
2023-04-28 22:08:09,141:INFO:PyCaret optional dependencies:
2023-04-28 22:08:09,150:INFO:                shap: Not installed
2023-04-28 22:08:09,150:INFO:           interpret: Not installed
2023-04-28 22:08:09,150:INFO:                umap: Not installed
2023-04-28 22:08:09,150:INFO:    pandas_profiling: Not installed
2023-04-28 22:08:09,150:INFO:  explainerdashboard: Not installed
2023-04-28 22:08:09,150:INFO:             autoviz: Not installed
2023-04-28 22:08:09,150:INFO:           fairlearn: Not installed
2023-04-28 22:08:09,150:INFO:             xgboost: 1.7.5
2023-04-28 22:08:09,150:INFO:            catboost: Not installed
2023-04-28 22:08:09,150:INFO:              kmodes: Not installed
2023-04-28 22:08:09,150:INFO:             mlxtend: Not installed
2023-04-28 22:08:09,150:INFO:       statsforecast: Not installed
2023-04-28 22:08:09,150:INFO:        tune_sklearn: Not installed
2023-04-28 22:08:09,150:INFO:                 ray: Not installed
2023-04-28 22:08:09,150:INFO:            hyperopt: Not installed
2023-04-28 22:08:09,150:INFO:              optuna: Not installed
2023-04-28 22:08:09,150:INFO:               skopt: Not installed
2023-04-28 22:08:09,150:INFO:              mlflow: Not installed
2023-04-28 22:08:09,150:INFO:              gradio: Not installed
2023-04-28 22:08:09,151:INFO:             fastapi: Not installed
2023-04-28 22:08:09,151:INFO:             uvicorn: Not installed
2023-04-28 22:08:09,151:INFO:              m2cgen: Not installed
2023-04-28 22:08:09,151:INFO:           evidently: Not installed
2023-04-28 22:08:09,151:INFO:               fugue: Not installed
2023-04-28 22:08:09,151:INFO:           streamlit: Not installed
2023-04-28 22:08:09,151:INFO:             prophet: 1.1.2
2023-04-28 22:08:09,151:INFO:None
2023-04-28 22:08:09,151:INFO:Set up data.
2023-04-28 22:08:09,311:INFO:Set up train/test split.
2023-04-28 22:08:09,403:INFO:Set up index.
2023-04-28 22:08:09,406:INFO:Set up folding strategy.
2023-04-28 22:08:09,407:INFO:Assigning column types.
2023-04-28 22:08:09,457:INFO:Engine successfully changes for model 'lr' to 'sklearn'.
2023-04-28 22:08:09,490:INFO:Engine for model 'knn' has not been set explicitly, hence returning None.
2023-04-28 22:08:09,493:INFO:Engine for model 'rbfsvm' has not been set explicitly, hence returning None.
2023-04-28 22:08:09,519:INFO:Soft dependency imported: xgboost: 1.7.5
2023-04-28 22:08:09,531:WARNING:
'catboost' is a soft dependency and not included in the pycaret installation. Please run: `pip install catboost` to install.
Alternately, you can install this by running `pip install pycaret[models]`
2023-04-28 22:08:09,564:INFO:Engine for model 'knn' has not been set explicitly, hence returning None.
2023-04-28 22:08:09,564:INFO:Engine for model 'rbfsvm' has not been set explicitly, hence returning None.
2023-04-28 22:08:09,584:INFO:Soft dependency imported: xgboost: 1.7.5
2023-04-28 22:08:09,586:WARNING:
'catboost' is a soft dependency and not included in the pycaret installation. Please run: `pip install catboost` to install.
Alternately, you can install this by running `pip install pycaret[models]`
2023-04-28 22:08:09,586:INFO:Engine successfully changes for model 'knn' to 'sklearn'.
2023-04-28 22:08:09,621:INFO:Engine for model 'rbfsvm' has not been set explicitly, hence returning None.
2023-04-28 22:08:09,643:INFO:Soft dependency imported: xgboost: 1.7.5
2023-04-28 22:08:09,645:WARNING:
'catboost' is a soft dependency and not included in the pycaret installation. Please run: `pip install catboost` to install.
Alternately, you can install this by running `pip install pycaret[models]`
2023-04-28 22:08:09,678:INFO:Engine for model 'rbfsvm' has not been set explicitly, hence returning None.
2023-04-28 22:08:09,698:INFO:Soft dependency imported: xgboost: 1.7.5
2023-04-28 22:08:09,700:WARNING:
'catboost' is a soft dependency and not included in the pycaret installation. Please run: `pip install catboost` to install.
Alternately, you can install this by running `pip install pycaret[models]`
2023-04-28 22:08:09,700:INFO:Engine successfully changes for model 'rbfsvm' to 'sklearn'.
2023-04-28 22:08:09,753:INFO:Soft dependency imported: xgboost: 1.7.5
2023-04-28 22:08:09,755:WARNING:
'catboost' is a soft dependency and not included in the pycaret installation. Please run: `pip install catboost` to install.
Alternately, you can install this by running `pip install pycaret[models]`
2023-04-28 22:08:09,810:INFO:Soft dependency imported: xgboost: 1.7.5
2023-04-28 22:08:09,812:WARNING:
'catboost' is a soft dependency and not included in the pycaret installation. Please run: `pip install catboost` to install.
Alternately, you can install this by running `pip install pycaret[models]`
2023-04-28 22:08:09,813:INFO:Preparing preprocessing pipeline...
2023-04-28 22:08:09,822:INFO:Set up label encoding.
2023-04-28 22:08:09,822:INFO:Set up simple imputation.
2023-04-28 22:08:09,830:INFO:Set up column name cleaning.
2023-04-28 22:08:10,537:INFO:Finished creating preprocessing pipeline.
2023-04-28 22:08:10,545:INFO:Pipeline: Pipeline(memory=FastMemory(location=C:\Users\indiz\AppData\Local\Temp\joblib),
         steps=[('label_encoding',
                 TransformerWrapperWithInverse(exclude=None, include=None,
                                               transformer=LabelEncoder())),
                ('numerical_imputer',
                 TransformerWrapper(exclude=None,
                                    include=['tBodyAcc-mean()-X',
                                             'tBodyAcc-mean()-Y',
                                             'tBodyAcc-mean()-Z',
                                             'tBodyAcc-std()-X',
                                             'tBodyAcc-std()-Y',
                                             't...
                 TransformerWrapper(exclude=None, include=[],
                                    transformer=SimpleImputer(add_indicator=False,
                                                              copy=True,
                                                              fill_value=None,
                                                              keep_empty_features=False,
                                                              missing_values=nan,
                                                              strategy='most_frequent',
                                                              verbose='deprecated'))),
                ('clean_column_names',
                 TransformerWrapper(exclude=None, include=None,
                                    transformer=CleanColumnNames(match='[\\]\\[\\,\\{\\}\\"\\:]+')))],
         verbose=False)
2023-04-28 22:08:10,545:INFO:Creating final display dataframe.
2023-04-28 22:08:11,993:INFO:Setup _display_container:                     Description  \
0                    Session id   
1                        Target   
2                   Target type   
3                Target mapping   
4           Original data shape   
5        Transformed data shape   
6   Transformed train set shape   
7    Transformed test set shape   
8              Numeric features   
9                    Preprocess   
10              Imputation type   
11           Numeric imputation   
12       Categorical imputation   
13               Fold Generator   
14                  Fold Number   
15                     CPU Jobs   
16                      Use GPU   
17               Log Experiment   
18              Experiment Name   
19                          USI   

                                                Value  
0                                                 123  
1                                            Activity  
2                                          Multiclass  
3   LAYING: 0, SITTING: 1, STANDING: 2, WALKING: 3...  
4                                        (16193, 563)  
5                                        (51557, 563)  
6                                        (36163, 563)  
7                                        (15394, 563)  
8                                                 562  
9                                                True  
10                                             simple  
11                                               mean  
12                                               mode  
13                                    StratifiedKFold  
14                                                 10  
15                                                 -1  
16                                              False  
17                                              False  
18                                   clf-default-name  
19                                               5c53  
2023-04-28 22:08:12,058:INFO:Soft dependency imported: xgboost: 1.7.5
2023-04-28 22:08:12,060:WARNING:
'catboost' is a soft dependency and not included in the pycaret installation. Please run: `pip install catboost` to install.
Alternately, you can install this by running `pip install pycaret[models]`
2023-04-28 22:08:12,117:INFO:Soft dependency imported: xgboost: 1.7.5
2023-04-28 22:08:12,119:WARNING:
'catboost' is a soft dependency and not included in the pycaret installation. Please run: `pip install catboost` to install.
Alternately, you can install this by running `pip install pycaret[models]`
2023-04-28 22:08:12,120:INFO:setup() successfully completed in 3.17s...............
