2023-04-30 14:54:11,837:WARNING:
'cuml' is a soft dependency and not included in the pycaret installation. Please run: `pip install cuml` to install.
2023-04-30 14:54:11,837:WARNING:
'cuml' is a soft dependency and not included in the pycaret installation. Please run: `pip install cuml` to install.
2023-04-30 14:54:11,837:WARNING:
'cuml' is a soft dependency and not included in the pycaret installation. Please run: `pip install cuml` to install.
2023-04-30 14:54:11,837:WARNING:
'cuml' is a soft dependency and not included in the pycaret installation. Please run: `pip install cuml` to install.
2023-04-30 14:54:12,386:INFO:Soft dependency imported: prophet: 1.1.2
2023-04-30 15:09:04,114:WARNING:C:\Users\indiz\AppData\Local\Temp\ipykernel_3456\372383517.py:3: DeprecationWarning: KerasClassifier is deprecated, use Sci-Keras (https://github.com/adriangb/scikeras) instead. See https://www.adriangb.com/scikeras/stable/migration.html for help migrating.
  model = KerasClassifier(build_fn=create_model, verbose=0)

2023-04-30 15:10:47,892:WARNING:C:\Users\indiz\AppData\Local\Temp\ipykernel_3456\372383517.py:3: DeprecationWarning: KerasClassifier is deprecated, use Sci-Keras (https://github.com/adriangb/scikeras) instead. See https://www.adriangb.com/scikeras/stable/migration.html for help migrating.
  model = KerasClassifier(build_fn=create_model, verbose=0)

2023-04-30 15:11:39,611:WARNING:
'cuml' is a soft dependency and not included in the pycaret installation. Please run: `pip install cuml` to install.
2023-04-30 15:11:39,611:WARNING:
'cuml' is a soft dependency and not included in the pycaret installation. Please run: `pip install cuml` to install.
2023-04-30 15:11:39,611:WARNING:
'cuml' is a soft dependency and not included in the pycaret installation. Please run: `pip install cuml` to install.
2023-04-30 15:11:39,611:WARNING:
'cuml' is a soft dependency and not included in the pycaret installation. Please run: `pip install cuml` to install.
2023-04-30 15:11:40,021:INFO:Soft dependency imported: prophet: 1.1.2
2023-04-30 15:11:45,015:WARNING:
'cuml' is a soft dependency and not included in the pycaret installation. Please run: `pip install cuml` to install.
2023-04-30 15:11:45,016:WARNING:
'cuml' is a soft dependency and not included in the pycaret installation. Please run: `pip install cuml` to install.
2023-04-30 15:11:45,016:WARNING:
'cuml' is a soft dependency and not included in the pycaret installation. Please run: `pip install cuml` to install.
2023-04-30 15:11:45,016:WARNING:
'cuml' is a soft dependency and not included in the pycaret installation. Please run: `pip install cuml` to install.
2023-04-30 15:11:45,489:INFO:Soft dependency imported: prophet: 1.1.2
2023-04-30 15:15:41,116:WARNING:
'cuml' is a soft dependency and not included in the pycaret installation. Please run: `pip install cuml` to install.
2023-04-30 15:15:41,117:WARNING:
'cuml' is a soft dependency and not included in the pycaret installation. Please run: `pip install cuml` to install.
2023-04-30 15:15:41,117:WARNING:
'cuml' is a soft dependency and not included in the pycaret installation. Please run: `pip install cuml` to install.
2023-04-30 15:15:41,117:WARNING:
'cuml' is a soft dependency and not included in the pycaret installation. Please run: `pip install cuml` to install.
2023-04-30 15:15:41,629:INFO:Soft dependency imported: prophet: 1.1.2
2023-04-30 15:26:37,217:WARNING:
'cuml' is a soft dependency and not included in the pycaret installation. Please run: `pip install cuml` to install.
2023-04-30 15:26:37,217:WARNING:
'cuml' is a soft dependency and not included in the pycaret installation. Please run: `pip install cuml` to install.
2023-04-30 15:26:37,217:WARNING:
'cuml' is a soft dependency and not included in the pycaret installation. Please run: `pip install cuml` to install.
2023-04-30 15:26:37,217:WARNING:
'cuml' is a soft dependency and not included in the pycaret installation. Please run: `pip install cuml` to install.
2023-04-30 15:26:37,747:INFO:Soft dependency imported: prophet: 1.1.2
2023-05-01 15:58:52,252:WARNING:
'cuml' is a soft dependency and not included in the pycaret installation. Please run: `pip install cuml` to install.
2023-05-01 15:58:52,265:WARNING:
'cuml' is a soft dependency and not included in the pycaret installation. Please run: `pip install cuml` to install.
2023-05-01 15:58:52,265:WARNING:
'cuml' is a soft dependency and not included in the pycaret installation. Please run: `pip install cuml` to install.
2023-05-01 15:58:52,265:WARNING:
'cuml' is a soft dependency and not included in the pycaret installation. Please run: `pip install cuml` to install.
2023-05-01 15:58:53,074:INFO:Soft dependency imported: prophet: 1.1.2
2023-05-01 16:21:06,992:WARNING:
'cuml' is a soft dependency and not included in the pycaret installation. Please run: `pip install cuml` to install.
2023-05-01 16:21:06,992:WARNING:
'cuml' is a soft dependency and not included in the pycaret installation. Please run: `pip install cuml` to install.
2023-05-01 16:21:06,992:WARNING:
'cuml' is a soft dependency and not included in the pycaret installation. Please run: `pip install cuml` to install.
2023-05-01 16:21:06,992:WARNING:
'cuml' is a soft dependency and not included in the pycaret installation. Please run: `pip install cuml` to install.
2023-05-01 16:21:07,467:INFO:Soft dependency imported: prophet: 1.1.2
2023-05-01 16:22:21,950:WARNING:C:\Users\indiz\AppData\Local\Temp\ipykernel_13456\2341640060.py:3: FutureWarning: The pandas.datetime class is deprecated and will be removed from pandas in a future version. Import from datetime module instead.
  pd.datetime(data['date'])

2023-05-01 16:22:32,408:WARNING:C:\Users\indiz\AppData\Local\Temp\ipykernel_13456\2726998404.py:3: FutureWarning: The pandas.datetime class is deprecated and will be removed from pandas in a future version. Import from datetime module instead.
  data['date'] = pd.datetime(data['date'])

2023-05-01 16:24:17,858:WARNING:
'cuml' is a soft dependency and not included in the pycaret installation. Please run: `pip install cuml` to install.
2023-05-01 16:24:17,859:WARNING:
'cuml' is a soft dependency and not included in the pycaret installation. Please run: `pip install cuml` to install.
2023-05-01 16:24:17,859:WARNING:
'cuml' is a soft dependency and not included in the pycaret installation. Please run: `pip install cuml` to install.
2023-05-01 16:24:17,859:WARNING:
'cuml' is a soft dependency and not included in the pycaret installation. Please run: `pip install cuml` to install.
2023-05-01 16:24:18,445:INFO:Soft dependency imported: prophet: 1.1.2
2023-05-01 16:51:09,158:WARNING:C:\Users\indiz\AppData\Local\Temp\ipykernel_14744\1391024940.py:1: FutureWarning: The default value of numeric_only in DataFrame.corr is deprecated. In a future version, it will default to False. Select only valid columns or specify the value of numeric_only to silence this warning.
  corr_data = data[numerical_columns].corr().round(2)

2023-05-01 16:55:22,840:WARNING:c:\Users\indiz\miniconda3\envs\gan\lib\site-packages\sklearn\metrics\_classification.py:1344: UndefinedMetricWarning: Precision and F-score are ill-defined and being set to 0.0 in labels with no predicted samples. Use `zero_division` parameter to control this behavior.
  _warn_prf(average, modifier, msg_start, len(result))

2023-05-01 16:55:22,841:WARNING:c:\Users\indiz\miniconda3\envs\gan\lib\site-packages\sklearn\metrics\_classification.py:1344: UndefinedMetricWarning: Recall and F-score are ill-defined and being set to 0.0 in labels with no true samples. Use `zero_division` parameter to control this behavior.
  _warn_prf(average, modifier, msg_start, len(result))

2023-05-01 16:55:22,844:WARNING:c:\Users\indiz\miniconda3\envs\gan\lib\site-packages\sklearn\metrics\_classification.py:1344: UndefinedMetricWarning: Precision and F-score are ill-defined and being set to 0.0 in samples with no predicted labels. Use `zero_division` parameter to control this behavior.
  _warn_prf(average, modifier, msg_start, len(result))

